<?xml version="1.0" encoding="UTF-8"?>
<testsuites>
  <testsuite name="Main test suite" tests="1" assertions="1" failures="0" errors="0" time="0.014506">
    <testsuite name="App\HelloWorldCommandTest" file="/home/martinh/codep/telegram-skeleton/tests/Command/HelloWorldCommandTest.php" tests="1" assertions="1" failures="0" errors="0" time="0.014506">
      <testcase name="testExecute" class="App\HelloWorldCommandTest" file="/home/martinh/codep/telegram-skeleton/tests/Command/HelloWorldCommandTest.php" line="18" assertions="1" time="0.014506"/>
    </testsuite>
  </testsuite>
</testsuites>
